<?xml version="1.0" encoding="UTF-8"?>
<!-- Generated by org.testng.reporters.JUnitReportReporter -->
<testsuite skipped="0" hostname="ramkrishna-PC" name="demo.TestDemo" tests="1" failures="0" timestamp="24 Sep 2018 12:44:06 GMT" time="0.581" errors="0">
  <testcase name="testA" time="0.581" classname="demo.TestDemo"/>
</testsuite> <!-- demo.TestDemo -->
